0.001458
-0.605307
8.84861
0.004456
-0.605307
8.5262
0.012452
-0.605307
10.8104
0.022118
-0.605307
-54.7801
0.046901
-0.605307
-58.1996
0.107491
-0.605307
34.6044
0.238374
-0.605307
0.507939
0.489656
-0.605307
63.2629
0.965538
-0.605307
-10.6107
2.00363
-0.605307
-312.219
3.79502
-0.605307
-561.326
7.62978
-0.605307
-968.808
12.397
-0.605307
-276.425
24.9647
-0.605307
2252.74
49.9342
-0.605307
1943.46
100.014
-0.605307
4542.06
199.217
-0.886669
2017.13
403.088
0.536747
3766.92
803.796
0.696128
-570.528
2065.48
-0.282988
-8548.55
17904.9
-0.96602
-34517.7
